<?xml version="1.0" encoding="UTF-8"?>
<!-- Generated by org.testng.reporters.JUnitXMLReporter -->
<testsuite ignored="1" hostname="kirankumar-mac" failures="0" tests="1" name="Default test" time="2.974" errors="0" timestamp="2025-03-25T10:36:55 IST">
  <testcase classname="in.at.tests.RestAssuredPOSTRequest" name="addProductUsingMap" time="2.906"/>
  <testcase classname="in.at.tests.RestAssuredPOSTRequest" name="addProductUsingJSONAsString" time="0.0">
    <ignored/>
  </testcase> <!-- addProductUsingJSONAsString -->
</testsuite> <!-- Default test -->
