<?xml version="1.0" encoding="UTF-8"?>
<!-- Generated by org.testng.reporters.JUnitXMLReporter -->
<testsuite ignored="4" hostname="kirankumar-mac" failures="0" tests="1" name="Default test" time="2.809" errors="0" timestamp="2025-03-25T13:43:23 IST">
  <testcase classname="in.at.tests.RestAssuredPOSTRequest" name="addProductUsingExternalJSONFile" time="2.741"/>
  <testcase classname="in.at.tests.RestAssuredPOSTRequest" name="addProductUsingJSONAsString" time="0.0">
    <ignored/>
  </testcase> <!-- addProductUsingJSONAsString -->
  <testcase classname="in.at.tests.RestAssuredPOSTRequest" name="addProductUsingJSONObject" time="0.0">
    <ignored/>
  </testcase> <!-- addProductUsingJSONObject -->
  <testcase classname="in.at.tests.RestAssuredPOSTRequest" name="addProductUsingMap" time="0.0">
    <ignored/>
  </testcase> <!-- addProductUsingMap -->
  <testcase classname="in.at.tests.RestAssuredPOSTRequest" name="addProductsUsingPOJOClass" time="0.0">
    <ignored/>
  </testcase> <!-- addProductsUsingPOJOClass -->
</testsuite> <!-- Default test -->
