<?xml version="1.0" encoding="UTF-8"?>
<testng-results ignored="0" total="2" passed="2" failed="0" skipped="0">
  <reporter-output>
  </reporter-output>
  <suite started-at="2025-03-25T09:59:50 IST" name="Suite" finished-at="2025-03-25T09:59:51 IST" duration-ms="1678">
    <groups>
    </groups>
    <test started-at="2025-03-25T09:59:50 IST" name="Test" finished-at="2025-03-25T09:59:51 IST" duration-ms="1678">
      <class name="in.at.tests.RestAssuredGETAPITests">
        <test-method signature="RestAssuredGETAPI()[pri:0, instance:in.at.tests.RestAssuredGETAPITests@197d671]" started-at="2025-03-25T09:59:51 IST" name="RestAssuredGETAPI" finished-at="2025-03-25T09:59:51 IST" duration-ms="560" status="PASS">
          <reporter-output>
          </reporter-output>
        </test-method> <!-- RestAssuredGETAPI -->
      </class> <!-- in.at.tests.RestAssuredGETAPITests -->
      <class name="in.at.tests.RestAssuredPOSTRequest">
        <test-method signature="addProductUsingJSONAsString()[pri:0, instance:in.at.tests.RestAssuredPOSTRequest@78dd667e]" started-at="2025-03-25T09:59:50 IST" name="addProductUsingJSONAsString" finished-at="2025-03-25T09:59:51 IST" duration-ms="1104" status="PASS">
          <reporter-output>
          </reporter-output>
        </test-method> <!-- addProductUsingJSONAsString -->
      </class> <!-- in.at.tests.RestAssuredPOSTRequest -->
    </test> <!-- Test -->
  </suite> <!-- Suite -->
</testng-results>
