<?xml version="1.0" encoding="UTF-8"?>
<testng-results ignored="0" total="1" passed="1" failed="0" skipped="0">
  <reporter-output>
  </reporter-output>
  <suite started-at="2025-03-24T16:32:55 IST" name="Surefire suite" finished-at="2025-03-24T16:32:56 IST" duration-ms="1118">
    <groups>
    </groups>
    <test started-at="2025-03-24T16:32:55 IST" name="Surefire test" finished-at="2025-03-24T16:32:56 IST" duration-ms="1118">
      <class name="in.at.tests.RestAssuredGETAPITests">
        <test-method signature="RestAssuredGETAPI()[pri:0, instance:in.at.tests.RestAssuredGETAPITests@ba8d91c]" started-at="2025-03-24T16:32:55 IST" name="RestAssuredGETAPI" finished-at="2025-03-24T16:32:56 IST" duration-ms="1105" status="PASS">
          <reporter-output>
          </reporter-output>
        </test-method> <!-- RestAssuredGETAPI -->
      </class> <!-- in.at.tests.RestAssuredGETAPITests -->
    </test> <!-- Surefire test -->
  </suite> <!-- Surefire suite -->
</testng-results>
