<?xml version="1.0" encoding="UTF-8"?>
<testng-results ignored="0" total="2" passed="2" failed="0" skipped="0">
  <reporter-output>
  </reporter-output>
  <suite started-at="2025-03-25T07:59:01 IST" name="Suite" finished-at="2025-03-25T07:59:05 IST" duration-ms="3564">
    <groups>
    </groups>
    <test started-at="2025-03-25T07:59:01 IST" name="Test" finished-at="2025-03-25T07:59:05 IST" duration-ms="3564">
      <class name="in.at.tests.RestAssuredGETAPITests">
        <test-method signature="RestAssuredGETAPI()[pri:0, instance:in.at.tests.RestAssuredGETAPITests@55634720]" started-at="2025-03-25T07:59:04 IST" name="RestAssuredGETAPI" finished-at="2025-03-25T07:59:05 IST" duration-ms="743" status="PASS">
          <reporter-output>
          </reporter-output>
        </test-method> <!-- RestAssuredGETAPI -->
      </class> <!-- in.at.tests.RestAssuredGETAPITests -->
      <class name="in.at.tests.RestAssuredPOSTRequest">
        <test-method signature="addProductUsingJSONAsString()[pri:0, instance:in.at.tests.RestAssuredPOSTRequest@71a8adcf]" started-at="2025-03-25T07:59:01 IST" name="addProductUsingJSONAsString" finished-at="2025-03-25T07:59:04 IST" duration-ms="2759" status="PASS">
          <reporter-output>
          </reporter-output>
        </test-method> <!-- addProductUsingJSONAsString -->
      </class> <!-- in.at.tests.RestAssuredPOSTRequest -->
    </test> <!-- Test -->
  </suite> <!-- Suite -->
</testng-results>
