<?xml version="1.0" encoding="UTF-8"?>
<testng-results ignored="0" total="1" passed="1" failed="0" skipped="0">
  <reporter-output>
  </reporter-output>
  <suite started-at="2025-03-24T16:32:23 IST" name="Default suite" finished-at="2025-03-24T16:32:26 IST" duration-ms="2991">
    <groups>
    </groups>
    <test started-at="2025-03-24T16:32:23 IST" name="Default test" finished-at="2025-03-24T16:32:26 IST" duration-ms="2991">
      <class name="in.at.tests.RestAssuredGETAPITests">
        <test-method signature="RestAssuredGETAPI()[pri:0, instance:in.at.tests.RestAssuredGETAPITests@82de64a]" started-at="2025-03-24T16:32:23 IST" name="RestAssuredGETAPI" finished-at="2025-03-24T16:32:26 IST" duration-ms="2943" status="PASS">
          <reporter-output>
          </reporter-output>
        </test-method> <!-- RestAssuredGETAPI -->
      </class> <!-- in.at.tests.RestAssuredGETAPITests -->
    </test> <!-- Default test -->
  </suite> <!-- Default suite -->
</testng-results>
